2026-01-23 06:26:04.190 GMT | 5:26am | The turnwise sky starts to lighten as the sun peeks over the horizon.
2026-01-23 06:36:04.604 GMT | 6:00am | The sun rises above the turnwise horizon and greets you for a new day.

2026-01-23 18:06:04.194 GMT | 8:20pm | The sun starts to set slowly on the widdershins horizon.
2026-01-23 18:11:03.792 GMT | 8:36pm | The sun sinks further below the widdershins horizon.
2026-01-23 18:16:03.830 GMT | 8:53pm | The sun disappears from view below the widdershins horizon.

2026-01-24 04:01:04.180 GMT | 5:23am | The turnwise sky starts to lighten as the sun peeks over the horizon.
2026-01-24 04:06:04.591 GMT | 5:40am | The sun rises further above the turnwise horizon lightening the sky as morning arrives.
2026-01-24 04:11:04.196 GMT | 5:56am | The sun rises above the turnwise horizon and greets you for a new day.

2026-01-24 08:31:04.165 GMT | 8:23pm | The sun starts to set slowly on the widdershins horizon.
2026-01-24 08:36:04.612 GMT | 8:40pm | The sun sinks further below the widdershins horizon.
2026-01-24 08:41:04.194 GMT | 8:56pm | The sun disappears from view below the widdershins horizon.

2026-01-24 11:16:04.227 GMT | 5:33am | The turnwise sky starts to lighten as the sun peeks over the horizon.
2026-01-24 11:21:04.600 GMT | 5:50am | The sun rises above the turnwise horizon and greets you for a new day.

2026-01-24 15:41:04.208 GMT | 8:16pm | The sun starts to set slowly on the widdershins horizon.

2026-01-24 18:31:04.217 GMT | 5:43am | The sun rises further above the turnwise horizon lightening the sky as morning arrives.

2026-01-25 09:01:04.191 GMT | 6:03am | The sun rises above the turnwise horizon and greets you for a new day.

2026-01-25 13:16:04.256 GMT | 8:13pm | The sun starts to set slowly on the widdershins horizon.

2026-01-25 20:31:04.256 GMT | 8:23pm | The sun starts to set slowly on the widdershins horizon.
2026-01-25 20:36:04.719 GMT | 8:40pm | The sun disappears from view below the widdershins horizon.

2026-01-26 06:31:04.221 GMT | 5:43am | The turnwise sky starts to lighten as the sun peeks over the horizon.
2026-01-26 06:36:05.558 GMT | 6:00am | The sun rises above the turnwise horizon and greets you for a new day.

2026-01-26 10:51:07.205 GMT | 8:10pm | The sun starts to set slowly on the widdershins horizon.

2026-01-26 18:06:04.694 GMT | 8:20pm | The sun starts to set slowly on the widdershins horizon.

2026-01-26 20:51:04.618 GMT | 5:30am | The turnwise sky starts to lighten as the sun peeks over the horizon.

2026-01-27 08:26:04.152 GMT | 8:06pm | The sun starts to set slowly on the widdershins horizon.
2026-01-27 08:31:04.174 GMT | 8:23pm | The sun sinks further below the widdershins horizon.

2026-01-27 15:41:04.164 GMT | 8:16pm | The sun starts to set slowly on the widdershins horizon.
2026-01-27 15:46:04.230 GMT | 8:33pm | The sun disappears from view below the widdershins horizon.

2026-01-27 18:31:04.362 GMT | 5:43am | The turnwise sky starts to lighten as the sun peeks over the horizon.
